INFO:     Started server process [105445]
INFO:     Waiting for application startup.
INFO:src.main:Startup: Telegram Worker launched.
2026-02-25 13:43:30,561 - src.workers.telegram_bot - INFO - 🤖 Telegram Admin Bot worker started.
INFO:src.workers.telegram_bot:🤖 Telegram Admin Bot worker started.
INFO:     Application startup complete.
INFO:     Uvicorn running on http://0.0.0.0:8000 (Press CTRL+C to quit)
INFO:     127.0.0.1:36816 - "POST /api/auth/token HTTP/1.1" 200 OK
INFO:     127.0.0.1:36828 - "POST /api/apikeys HTTP/1.1" 500 Internal Server Error
ERROR:    Exception in ASGI application
Traceback (most recent call last):
  File "/media/toni-sil/Arquivos3/agentes/venv/lib/python3.12/site-packages/uvicorn/protocols/http/h11_impl.py", line 410, in run_asgi
    result = await app(  # type: ignore[func-returns-value]
             ^^^^^^^^^^^^^^^^^^^^^^^^^^^^^^^^^^^^^^^^^^^^^^
  File "/media/toni-sil/Arquivos3/agentes/venv/lib/python3.12/site-packages/uvicorn/middleware/proxy_headers.py", line 60, in __call__
    return await self.app(scope, receive, send)
           ^^^^^^^^^^^^^^^^^^^^^^^^^^^^^^^^^^^^
  File "/media/toni-sil/Arquivos3/agentes/venv/lib/python3.12/site-packages/fastapi/applications.py", line 1160, in __call__
    await super().__call__(scope, receive, send)
  File "/media/toni-sil/Arquivos3/agentes/venv/lib/python3.12/site-packages/starlette/applications.py", line 107, in __call__
    await self.middleware_stack(scope, receive, send)
  File "/media/toni-sil/Arquivos3/agentes/venv/lib/python3.12/site-packages/starlette/middleware/errors.py", line 186, in __call__
    raise exc
  File "/media/toni-sil/Arquivos3/agentes/venv/lib/python3.12/site-packages/starlette/middleware/errors.py", line 164, in __call__
    await self.app(scope, receive, _send)
  File "/media/toni-sil/Arquivos3/agentes/venv/lib/python3.12/site-packages/starlette/middleware/base.py", line 191, in __call__
    with recv_stream, send_stream, collapse_excgroups():
  File "/usr/lib/python3.12/contextlib.py", line 158, in __exit__
    self.gen.throw(value)
  File "/media/toni-sil/Arquivos3/agentes/venv/lib/python3.12/site-packages/starlette/_utils.py", line 87, in collapse_excgroups
    raise exc
  File "/media/toni-sil/Arquivos3/agentes/venv/lib/python3.12/site-packages/starlette/middleware/base.py", line 193, in __call__
    response = await self.dispatch_func(request, call_next)
               ^^^^^^^^^^^^^^^^^^^^^^^^^^^^^^^^^^^^^^^^^^^^
  File "/media/toni-sil/Arquivos3/agentes/src/main.py", line 46, in add_security_headers
    response = await call_next(request)
               ^^^^^^^^^^^^^^^^^^^^^^^^
  File "/media/toni-sil/Arquivos3/agentes/venv/lib/python3.12/site-packages/starlette/middleware/base.py", line 168, in call_next
    raise app_exc from app_exc.__cause__ or app_exc.__context__
  File "/media/toni-sil/Arquivos3/agentes/venv/lib/python3.12/site-packages/starlette/middleware/base.py", line 144, in coro
    await self.app(scope, receive_or_disconnect, send_no_error)
  File "/media/toni-sil/Arquivos3/agentes/venv/lib/python3.12/site-packages/starlette/middleware/cors.py", line 87, in __call__
    await self.app(scope, receive, send)
  File "/media/toni-sil/Arquivos3/agentes/venv/lib/python3.12/site-packages/starlette/middleware/exceptions.py", line 63, in __call__
    await wrap_app_handling_exceptions(self.app, conn)(scope, receive, send)
  File "/media/toni-sil/Arquivos3/agentes/venv/lib/python3.12/site-packages/starlette/_exception_handler.py", line 53, in wrapped_app
    raise exc
  File "/media/toni-sil/Arquivos3/agentes/venv/lib/python3.12/site-packages/starlette/_exception_handler.py", line 42, in wrapped_app
    await app(scope, receive, sender)
  File "/media/toni-sil/Arquivos3/agentes/venv/lib/python3.12/site-packages/fastapi/middleware/asyncexitstack.py", line 18, in __call__
    await self.app(scope, receive, send)
  File "/media/toni-sil/Arquivos3/agentes/venv/lib/python3.12/site-packages/starlette/routing.py", line 716, in __call__
    await self.middleware_stack(scope, receive, send)
  File "/media/toni-sil/Arquivos3/agentes/venv/lib/python3.12/site-packages/starlette/routing.py", line 736, in app
    await route.handle(scope, receive, send)
  File "/media/toni-sil/Arquivos3/agentes/venv/lib/python3.12/site-packages/starlette/routing.py", line 290, in handle
    await self.app(scope, receive, send)
  File "/media/toni-sil/Arquivos3/agentes/venv/lib/python3.12/site-packages/fastapi/routing.py", line 119, in app
    await wrap_app_handling_exceptions(app, request)(scope, receive, send)
  File "/media/toni-sil/Arquivos3/agentes/venv/lib/python3.12/site-packages/starlette/_exception_handler.py", line 53, in wrapped_app
    raise exc
  File "/media/toni-sil/Arquivos3/agentes/venv/lib/python3.12/site-packages/starlette/_exception_handler.py", line 42, in wrapped_app
    await app(scope, receive, sender)
  File "/media/toni-sil/Arquivos3/agentes/venv/lib/python3.12/site-packages/fastapi/routing.py", line 105, in app
    response = await f(request)
               ^^^^^^^^^^^^^^^^
  File "/media/toni-sil/Arquivos3/agentes/venv/lib/python3.12/site-packages/fastapi/routing.py", line 431, in app
    raw_response = await run_endpoint_function(
                   ^^^^^^^^^^^^^^^^^^^^^^^^^^^^
  File "/media/toni-sil/Arquivos3/agentes/venv/lib/python3.12/site-packages/fastapi/routing.py", line 313, in run_endpoint_function
    return await dependant.call(**values)
           ^^^^^^^^^^^^^^^^^^^^^^^^^^^^^^
  File "/media/toni-sil/Arquivos3/agentes/src/api/apikeys.py", line 26, in create_api_key
    response_data = ApiKeyCreationResponse.model_validate(key_obj)
                    ^^^^^^^^^^^^^^^^^^^^^^^^^^^^^^^^^^^^^^^^^^^^^^
  File "/media/toni-sil/Arquivos3/agentes/venv/lib/python3.12/site-packages/pydantic/main.py", line 716, in model_validate
    return cls.__pydantic_validator__.validate_python(
           ^^^^^^^^^^^^^^^^^^^^^^^^^^^^^^^^^^^^^^^^^^^
pydantic_core._pydantic_core.ValidationError: 1 validation error for ApiKeyCreationResponse
plain_key
  Field required [type=missing, input_value=<ApiKey(name=test, tenant_id=1)>, input_type=ApiKey]
    For further information visit https://errors.pydantic.dev/2.12/v/missing
INFO:httpx:HTTP Request: GET https://api.telegram.org/bot8555947949:AAGSR-2uD0AunguM17ihRLHJf_xmSFyQyTg/getUpdates?timeout=10 "HTTP/1.1 200 OK"
2026-02-25 13:43:45,223 - src.services.telegram_service - ERROR - Failed to get Telegram updates: 
ERROR:src.services.telegram_service:Failed to get Telegram updates: 
INFO:httpx:HTTP Request: GET https://api.telegram.org/bot8555947949:AAGSR-2uD0AunguM17ihRLHJf_xmSFyQyTg/getUpdates?timeout=10 "HTTP/1.1 200 OK"
INFO:     127.0.0.1:54790 - "POST /api/auth/token HTTP/1.1" 200 OK
INFO:     127.0.0.1:54804 - "POST /api/apikeys HTTP/1.1" 500 Internal Server Error
ERROR:    Exception in ASGI application
Traceback (most recent call last):
  File "/media/toni-sil/Arquivos3/agentes/venv/lib/python3.12/site-packages/uvicorn/protocols/http/h11_impl.py", line 410, in run_asgi
    result = await app(  # type: ignore[func-returns-value]
             ^^^^^^^^^^^^^^^^^^^^^^^^^^^^^^^^^^^^^^^^^^^^^^
  File "/media/toni-sil/Arquivos3/agentes/venv/lib/python3.12/site-packages/uvicorn/middleware/proxy_headers.py", line 60, in __call__
    return await self.app(scope, receive, send)
           ^^^^^^^^^^^^^^^^^^^^^^^^^^^^^^^^^^^^
  File "/media/toni-sil/Arquivos3/agentes/venv/lib/python3.12/site-packages/fastapi/applications.py", line 1160, in __call__
    await super().__call__(scope, receive, send)
  File "/media/toni-sil/Arquivos3/agentes/venv/lib/python3.12/site-packages/starlette/applications.py", line 107, in __call__
    await self.middleware_stack(scope, receive, send)
  File "/media/toni-sil/Arquivos3/agentes/venv/lib/python3.12/site-packages/starlette/middleware/errors.py", line 186, in __call__
    raise exc
  File "/media/toni-sil/Arquivos3/agentes/venv/lib/python3.12/site-packages/starlette/middleware/errors.py", line 164, in __call__
    await self.app(scope, receive, _send)
  File "/media/toni-sil/Arquivos3/agentes/venv/lib/python3.12/site-packages/starlette/middleware/base.py", line 191, in __call__
    with recv_stream, send_stream, collapse_excgroups():
  File "/usr/lib/python3.12/contextlib.py", line 158, in __exit__
    self.gen.throw(value)
  File "/media/toni-sil/Arquivos3/agentes/venv/lib/python3.12/site-packages/starlette/_utils.py", line 87, in collapse_excgroups
    raise exc
  File "/media/toni-sil/Arquivos3/agentes/venv/lib/python3.12/site-packages/starlette/middleware/base.py", line 193, in __call__
    response = await self.dispatch_func(request, call_next)
               ^^^^^^^^^^^^^^^^^^^^^^^^^^^^^^^^^^^^^^^^^^^^
  File "/media/toni-sil/Arquivos3/agentes/src/main.py", line 46, in add_security_headers
    response = await call_next(request)
               ^^^^^^^^^^^^^^^^^^^^^^^^
  File "/media/toni-sil/Arquivos3/agentes/venv/lib/python3.12/site-packages/starlette/middleware/base.py", line 168, in call_next
    raise app_exc from app_exc.__cause__ or app_exc.__context__
  File "/media/toni-sil/Arquivos3/agentes/venv/lib/python3.12/site-packages/starlette/middleware/base.py", line 144, in coro
    await self.app(scope, receive_or_disconnect, send_no_error)
  File "/media/toni-sil/Arquivos3/agentes/venv/lib/python3.12/site-packages/starlette/middleware/cors.py", line 87, in __call__
    await self.app(scope, receive, send)
  File "/media/toni-sil/Arquivos3/agentes/venv/lib/python3.12/site-packages/starlette/middleware/exceptions.py", line 63, in __call__
    await wrap_app_handling_exceptions(self.app, conn)(scope, receive, send)
  File "/media/toni-sil/Arquivos3/agentes/venv/lib/python3.12/site-packages/starlette/_exception_handler.py", line 53, in wrapped_app
    raise exc
  File "/media/toni-sil/Arquivos3/agentes/venv/lib/python3.12/site-packages/starlette/_exception_handler.py", line 42, in wrapped_app
    await app(scope, receive, sender)
  File "/media/toni-sil/Arquivos3/agentes/venv/lib/python3.12/site-packages/fastapi/middleware/asyncexitstack.py", line 18, in __call__
    await self.app(scope, receive, send)
  File "/media/toni-sil/Arquivos3/agentes/venv/lib/python3.12/site-packages/starlette/routing.py", line 716, in __call__
    await self.middleware_stack(scope, receive, send)
  File "/media/toni-sil/Arquivos3/agentes/venv/lib/python3.12/site-packages/starlette/routing.py", line 736, in app
    await route.handle(scope, receive, send)
  File "/media/toni-sil/Arquivos3/agentes/venv/lib/python3.12/site-packages/starlette/routing.py", line 290, in handle
    await self.app(scope, receive, send)
  File "/media/toni-sil/Arquivos3/agentes/venv/lib/python3.12/site-packages/fastapi/routing.py", line 119, in app
    await wrap_app_handling_exceptions(app, request)(scope, receive, send)
  File "/media/toni-sil/Arquivos3/agentes/venv/lib/python3.12/site-packages/starlette/_exception_handler.py", line 53, in wrapped_app
    raise exc
  File "/media/toni-sil/Arquivos3/agentes/venv/lib/python3.12/site-packages/starlette/_exception_handler.py", line 42, in wrapped_app
    await app(scope, receive, sender)
  File "/media/toni-sil/Arquivos3/agentes/venv/lib/python3.12/site-packages/fastapi/routing.py", line 105, in app
    response = await f(request)
               ^^^^^^^^^^^^^^^^
  File "/media/toni-sil/Arquivos3/agentes/venv/lib/python3.12/site-packages/fastapi/routing.py", line 431, in app
    raw_response = await run_endpoint_function(
                   ^^^^^^^^^^^^^^^^^^^^^^^^^^^^
  File "/media/toni-sil/Arquivos3/agentes/venv/lib/python3.12/site-packages/fastapi/routing.py", line 313, in run_endpoint_function
    return await dependant.call(**values)
           ^^^^^^^^^^^^^^^^^^^^^^^^^^^^^^
  File "/media/toni-sil/Arquivos3/agentes/src/api/apikeys.py", line 26, in create_api_key
    # We use model_dump to create a dict and then add the plain_key
                    ^^^^^^^^^^^^^^^^^^^^^^^^^^^^^^^^^^^^^^^^^^^^^^
  File "/media/toni-sil/Arquivos3/agentes/venv/lib/python3.12/site-packages/pydantic/main.py", line 716, in model_validate
    return cls.__pydantic_validator__.validate_python(
           ^^^^^^^^^^^^^^^^^^^^^^^^^^^^^^^^^^^^^^^^^^^
pydantic_core._pydantic_core.ValidationError: 1 validation error for ApiKeyCreationResponse
plain_key
  Field required [type=missing, input_value=<ApiKey(name=ERP Integration, tenant_id=1)>, input_type=ApiKey]
    For further information visit https://errors.pydantic.dev/2.12/v/missing
INFO:httpx:HTTP Request: GET https://api.telegram.org/bot8555947949:AAGSR-2uD0AunguM17ihRLHJf_xmSFyQyTg/getUpdates?timeout=10 "HTTP/1.1 200 OK"
INFO:httpx:HTTP Request: GET https://api.telegram.org/bot8555947949:AAGSR-2uD0AunguM17ihRLHJf_xmSFyQyTg/getUpdates?timeout=10 "HTTP/1.1 200 OK"
INFO:httpx:HTTP Request: GET https://api.telegram.org/bot8555947949:AAGSR-2uD0AunguM17ihRLHJf_xmSFyQyTg/getUpdates?timeout=10 "HTTP/1.1 200 OK"
INFO:httpx:HTTP Request: GET https://api.telegram.org/bot8555947949:AAGSR-2uD0AunguM17ihRLHJf_xmSFyQyTg/getUpdates?timeout=10 "HTTP/1.1 200 OK"
INFO:httpx:HTTP Request: GET https://api.telegram.org/bot8555947949:AAGSR-2uD0AunguM17ihRLHJf_xmSFyQyTg/getUpdates?timeout=10 "HTTP/1.1 200 OK"
INFO:httpx:HTTP Request: GET https://api.telegram.org/bot8555947949:AAGSR-2uD0AunguM17ihRLHJf_xmSFyQyTg/getUpdates?timeout=10 "HTTP/1.1 200 OK"
INFO:httpx:HTTP Request: GET https://api.telegram.org/bot8555947949:AAGSR-2uD0AunguM17ihRLHJf_xmSFyQyTg/getUpdates?timeout=10 "HTTP/1.1 200 OK"
INFO:httpx:HTTP Request: GET https://api.telegram.org/bot8555947949:AAGSR-2uD0AunguM17ihRLHJf_xmSFyQyTg/getUpdates?timeout=10 "HTTP/1.1 200 OK"
INFO:httpx:HTTP Request: GET https://api.telegram.org/bot8555947949:AAGSR-2uD0AunguM17ihRLHJf_xmSFyQyTg/getUpdates?timeout=10 "HTTP/1.1 200 OK"
INFO:httpx:HTTP Request: GET https://api.telegram.org/bot8555947949:AAGSR-2uD0AunguM17ihRLHJf_xmSFyQyTg/getUpdates?timeout=10 "HTTP/1.1 200 OK"
INFO:httpx:HTTP Request: GET https://api.telegram.org/bot8555947949:AAGSR-2uD0AunguM17ihRLHJf_xmSFyQyTg/getUpdates?timeout=10 "HTTP/1.1 200 OK"
INFO:httpx:HTTP Request: GET https://api.telegram.org/bot8555947949:AAGSR-2uD0AunguM17ihRLHJf_xmSFyQyTg/getUpdates?timeout=10 "HTTP/1.1 200 OK"
INFO:httpx:HTTP Request: GET https://api.telegram.org/bot8555947949:AAGSR-2uD0AunguM17ihRLHJf_xmSFyQyTg/getUpdates?timeout=10 "HTTP/1.1 200 OK"
INFO:httpx:HTTP Request: GET https://api.telegram.org/bot8555947949:AAGSR-2uD0AunguM17ihRLHJf_xmSFyQyTg/getUpdates?timeout=10 "HTTP/1.1 200 OK"
INFO:httpx:HTTP Request: GET https://api.telegram.org/bot8555947949:AAGSR-2uD0AunguM17ihRLHJf_xmSFyQyTg/getUpdates?timeout=10 "HTTP/1.1 200 OK"
INFO:httpx:HTTP Request: GET https://api.telegram.org/bot8555947949:AAGSR-2uD0AunguM17ihRLHJf_xmSFyQyTg/getUpdates?timeout=10 "HTTP/1.1 200 OK"
INFO:httpx:HTTP Request: GET https://api.telegram.org/bot8555947949:AAGSR-2uD0AunguM17ihRLHJf_xmSFyQyTg/getUpdates?timeout=10 "HTTP/1.1 200 OK"
INFO:httpx:HTTP Request: GET https://api.telegram.org/bot8555947949:AAGSR-2uD0AunguM17ihRLHJf_xmSFyQyTg/getUpdates?timeout=10 "HTTP/1.1 200 OK"
INFO:httpx:HTTP Request: GET https://api.telegram.org/bot8555947949:AAGSR-2uD0AunguM17ihRLHJf_xmSFyQyTg/getUpdates?timeout=10 "HTTP/1.1 200 OK"
INFO:     127.0.0.1:44684 - "GET /login.html HTTP/1.1" 304 Not Modified
INFO:httpx:HTTP Request: GET https://api.telegram.org/bot8555947949:AAGSR-2uD0AunguM17ihRLHJf_xmSFyQyTg/getUpdates?timeout=10 "HTTP/1.1 200 OK"
